2025-02-14T00:12:59.843+01:00  WARN 11848 --- [spring-demo] [HikariPool-1 housekeeper] com.zaxxer.hikari.pool.HikariPool        : HikariPool-1 - Thread starvation or clock leap detected (housekeeper delta=3h5m53s273ms563µs800ns).
2025-02-14T00:22:23.414+01:00  INFO 11848 --- [spring-demo] [http-nio-4000-exec-7] c.spring_demo.controller.UserController  : createUser endpoint llamado con datos: com.spring_demo.entities.User@1f5e90da
2025-02-14T00:22:23.416+01:00  INFO 11848 --- [spring-demo] [http-nio-4000-exec-7] com.spring_demo.services.UserService     : Guardando usuario: nuevoUsuario
2025-02-14T00:44:28.356+01:00  INFO 11848 --- [spring-demo] [RMI TCP Connection(92)-127.0.0.1] inMXBeanRegistrar$SpringApplicationAdmin : Application shutdown requested.
2025-02-14T00:44:28.362+01:00  INFO 11848 --- [spring-demo] [RMI TCP Connection(92)-127.0.0.1] o.s.b.w.e.tomcat.GracefulShutdown        : Commencing graceful shutdown. Waiting for active requests to complete
2025-02-14T00:44:28.372+01:00  INFO 11848 --- [spring-demo] [tomcat-shutdown] o.s.b.w.e.tomcat.GracefulShutdown        : Graceful shutdown complete
2025-02-14T00:44:28.381+01:00  INFO 11848 --- [spring-demo] [RMI TCP Connection(92)-127.0.0.1] j.LocalContainerEntityManagerFactoryBean : Closing JPA EntityManagerFactory for persistence unit 'default'
2025-02-14T00:44:28.510+01:00  INFO 11848 --- [spring-demo] [RMI TCP Connection(92)-127.0.0.1] com.zaxxer.hikari.HikariDataSource       : HikariPool-1 - Shutdown initiated...
2025-02-14T00:44:28.525+01:00  INFO 11848 --- [spring-demo] [RMI TCP Connection(92)-127.0.0.1] com.zaxxer.hikari.HikariDataSource       : HikariPool-1 - Shutdown completed.
2025-02-14T00:45:06.496+01:00  INFO 9504 --- [spring-demo] [main] com.spring_demo.SpringDemoApplication    : Starting SpringDemoApplication using Java 21.0.4 with PID 9504 (C:\Users\PC_HP\eclipse-workspace\spring-demo\target\classes started by PC_HP in C:\Users\PC_HP\eclipse-workspace\spring-demo)
2025-02-14T00:45:06.497+01:00  INFO 9504 --- [spring-demo] [main] com.spring_demo.SpringDemoApplication    : No active profile set, falling back to 1 default profile: "default"
2025-02-14T00:45:07.261+01:00  INFO 9504 --- [spring-demo] [main] .s.d.r.c.RepositoryConfigurationDelegate : Bootstrapping Spring Data JPA repositories in DEFAULT mode.
2025-02-14T00:45:07.354+01:00  INFO 9504 --- [spring-demo] [main] .s.d.r.c.RepositoryConfigurationDelegate : Finished Spring Data repository scanning in 77 ms. Found 3 JPA repository interfaces.
2025-02-14T00:45:08.113+01:00  INFO 9504 --- [spring-demo] [main] o.s.b.w.embedded.tomcat.TomcatWebServer  : Tomcat initialized with port 4000 (http)
2025-02-14T00:45:08.134+01:00  INFO 9504 --- [spring-demo] [main] o.apache.catalina.core.StandardService   : Starting service [Tomcat]
2025-02-14T00:45:08.135+01:00  INFO 9504 --- [spring-demo] [main] o.apache.catalina.core.StandardEngine    : Starting Servlet engine: [Apache Tomcat/10.1.34]
2025-02-14T00:45:08.195+01:00  INFO 9504 --- [spring-demo] [main] o.a.c.c.C.[Tomcat].[localhost].[/]       : Initializing Spring embedded WebApplicationContext
2025-02-14T00:45:08.195+01:00  INFO 9504 --- [spring-demo] [main] w.s.c.ServletWebServerApplicationContext : Root WebApplicationContext: initialization completed in 1666 ms
2025-02-14T00:45:08.345+01:00  INFO 9504 --- [spring-demo] [main] o.hibernate.jpa.internal.util.LogHelper  : HHH000204: Processing PersistenceUnitInfo [name: default]
2025-02-14T00:45:08.427+01:00  INFO 9504 --- [spring-demo] [main] org.hibernate.Version                    : HHH000412: Hibernate ORM core version 6.6.4.Final
2025-02-14T00:45:08.490+01:00  INFO 9504 --- [spring-demo] [main] o.h.c.internal.RegionFactoryInitiator    : HHH000026: Second-level cache disabled
2025-02-14T00:45:08.757+01:00  INFO 9504 --- [spring-demo] [main] o.s.o.j.p.SpringPersistenceUnitInfo      : No LoadTimeWeaver setup: ignoring JPA class transformer
2025-02-14T00:45:08.785+01:00  INFO 9504 --- [spring-demo] [main] com.zaxxer.hikari.HikariDataSource       : HikariPool-1 - Starting...
2025-02-14T00:45:08.855+01:00  INFO 9504 --- [spring-demo] [main] com.zaxxer.hikari.pool.HikariPool        : HikariPool-1 - Added connection org.mariadb.jdbc.Connection@2e40fdbd
2025-02-14T00:45:08.857+01:00  INFO 9504 --- [spring-demo] [main] com.zaxxer.hikari.HikariDataSource       : HikariPool-1 - Start completed.
2025-02-14T00:45:08.940+01:00  INFO 9504 --- [spring-demo] [main] org.hibernate.orm.connections.pooling    : HHH10001005: Database info:
	Database JDBC URL [Connecting through datasource 'HikariDataSource (HikariPool-1)']
	Database driver: undefined/unknown
	Database version: 11.6.2
	Autocommit mode: undefined/unknown
	Isolation level: undefined/unknown
	Minimum pool size: undefined/unknown
	Maximum pool size: undefined/unknown
2025-02-14T00:45:10.083+01:00  INFO 9504 --- [spring-demo] [main] o.h.e.t.j.p.i.JtaPlatformInitiator       : HHH000489: No JTA platform available (set 'hibernate.transaction.jta.platform' to enable JTA platform integration)
2025-02-14T00:45:10.442+01:00  INFO 9504 --- [spring-demo] [main] j.LocalContainerEntityManagerFactoryBean : Initialized JPA EntityManagerFactory for persistence unit 'default'
2025-02-14T00:45:10.789+01:00  INFO 9504 --- [spring-demo] [main] o.s.d.j.r.query.QueryEnhancerFactory     : Hibernate is in classpath; If applicable, HQL parser will be used.
2025-02-14T00:45:11.230+01:00 ERROR 9504 --- [spring-demo] [main] o.s.b.web.embedded.tomcat.TomcatStarter  : Error starting Tomcat context. Exception: org.springframework.beans.factory.UnsatisfiedDependencyException. Message: Error creating bean with name 'securityConfig': Unsatisfied dependency expressed through field 'userDetailsService': Error creating bean with name 'userService': Unsatisfied dependency expressed through field 'passwordEncoder': Error creating bean with name 'securityConfig': Requested bean is currently in creation: Is there an unresolvable circular reference or an asynchronous initialization dependency?
2025-02-14T00:45:11.262+01:00  INFO 9504 --- [spring-demo] [main] o.apache.catalina.core.StandardService   : Stopping service [Tomcat]
2025-02-14T00:45:11.266+01:00  WARN 9504 --- [spring-demo] [main] o.a.c.loader.WebappClassLoaderBase       : The web application [ROOT] appears to have started a thread named [HikariPool-1 housekeeper] but has failed to stop it. This is very likely to create a memory leak. Stack trace of thread:
 java.base/jdk.internal.misc.Unsafe.park(Native Method)
 java.base/java.util.concurrent.locks.LockSupport.parkNanos(LockSupport.java:269)
 java.base/java.util.concurrent.locks.AbstractQueuedSynchronizer$ConditionObject.awaitNanos(AbstractQueuedSynchronizer.java:1758)
 java.base/java.util.concurrent.ScheduledThreadPoolExecutor$DelayedWorkQueue.take(ScheduledThreadPoolExecutor.java:1182)
 java.base/java.util.concurrent.ScheduledThreadPoolExecutor$DelayedWorkQueue.take(ScheduledThreadPoolExecutor.java:899)
 java.base/java.util.concurrent.ThreadPoolExecutor.getTask(ThreadPoolExecutor.java:1070)
 java.base/java.util.concurrent.ThreadPoolExecutor.runWorker(ThreadPoolExecutor.java:1130)
 java.base/java.util.concurrent.ThreadPoolExecutor$Worker.run(ThreadPoolExecutor.java:642)
 java.base/java.lang.Thread.run(Thread.java:1583)
2025-02-14T00:45:11.267+01:00  WARN 9504 --- [spring-demo] [main] o.a.c.loader.WebappClassLoaderBase       : The web application [ROOT] appears to have started a thread named [HikariPool-1 connection adder] but has failed to stop it. This is very likely to create a memory leak. Stack trace of thread:
 java.base/jdk.internal.misc.Unsafe.park(Native Method)
 java.base/java.util.concurrent.locks.LockSupport.parkNanos(LockSupport.java:269)
 java.base/java.util.concurrent.locks.AbstractQueuedSynchronizer$ConditionObject.awaitNanos(AbstractQueuedSynchronizer.java:1758)
 java.base/java.util.concurrent.LinkedBlockingQueue.poll(LinkedBlockingQueue.java:460)
 java.base/java.util.concurrent.ThreadPoolExecutor.getTask(ThreadPoolExecutor.java:1069)
 java.base/java.util.concurrent.ThreadPoolExecutor.runWorker(ThreadPoolExecutor.java:1130)
 java.base/java.util.concurrent.ThreadPoolExecutor$Worker.run(ThreadPoolExecutor.java:642)
 java.base/java.lang.Thread.run(Thread.java:1583)
2025-02-14T00:45:11.270+01:00  WARN 9504 --- [spring-demo] [main] ConfigServletWebServerApplicationContext : Exception encountered during context initialization - cancelling refresh attempt: org.springframework.context.ApplicationContextException: Unable to start web server
2025-02-14T00:45:11.271+01:00  INFO 9504 --- [spring-demo] [main] j.LocalContainerEntityManagerFactoryBean : Closing JPA EntityManagerFactory for persistence unit 'default'
2025-02-14T00:45:11.389+01:00  INFO 9504 --- [spring-demo] [main] com.zaxxer.hikari.HikariDataSource       : HikariPool-1 - Shutdown initiated...
2025-02-14T00:45:11.408+01:00  INFO 9504 --- [spring-demo] [main] com.zaxxer.hikari.HikariDataSource       : HikariPool-1 - Shutdown completed.
2025-02-14T00:45:11.419+01:00  INFO 9504 --- [spring-demo] [main] .s.b.a.l.ConditionEvaluationReportLogger : 

Error starting ApplicationContext. To display the condition evaluation report re-run your application with 'debug' enabled.
2025-02-14T00:45:11.439+01:00 ERROR 9504 --- [spring-demo] [main] o.s.b.d.LoggingFailureAnalysisReporter   : 

***************************
APPLICATION FAILED TO START
***************************

Description:

The dependencies of some of the beans in the application context form a cycle:

┌─────┐
|  securityConfig (field private org.springframework.security.core.userdetails.UserDetailsService com.spring_demo.security.jwt.SecurityConfig.userDetailsService)
↑     ↓
|  userService (field private org.springframework.security.crypto.password.PasswordEncoder com.spring_demo.services.UserService.passwordEncoder)
└─────┘


Action:

Relying upon circular references is discouraged and they are prohibited by default. Update your application to remove the dependency cycle between beans. As a last resort, it may be possible to break the cycle automatically by setting spring.main.allow-circular-references to true.

2025-02-14T00:53:29.422+01:00  INFO 18204 --- [spring-demo] [main] com.spring_demo.SpringDemoApplication    : Starting SpringDemoApplication using Java 21.0.4 with PID 18204 (C:\Users\PC_HP\eclipse-workspace\spring-demo\target\classes started by PC_HP in C:\Users\PC_HP\eclipse-workspace\spring-demo)
2025-02-14T00:53:29.423+01:00  INFO 18204 --- [spring-demo] [main] com.spring_demo.SpringDemoApplication    : No active profile set, falling back to 1 default profile: "default"
2025-02-14T00:53:30.182+01:00  INFO 18204 --- [spring-demo] [main] .s.d.r.c.RepositoryConfigurationDelegate : Bootstrapping Spring Data JPA repositories in DEFAULT mode.
2025-02-14T00:53:30.243+01:00  INFO 18204 --- [spring-demo] [main] .s.d.r.c.RepositoryConfigurationDelegate : Finished Spring Data repository scanning in 53 ms. Found 3 JPA repository interfaces.
2025-02-14T00:53:30.776+01:00  INFO 18204 --- [spring-demo] [main] o.s.b.w.embedded.tomcat.TomcatWebServer  : Tomcat initialized with port 4000 (http)
2025-02-14T00:53:30.788+01:00  INFO 18204 --- [spring-demo] [main] o.apache.catalina.core.StandardService   : Starting service [Tomcat]
2025-02-14T00:53:30.789+01:00  INFO 18204 --- [spring-demo] [main] o.apache.catalina.core.StandardEngine    : Starting Servlet engine: [Apache Tomcat/10.1.34]
2025-02-14T00:53:30.846+01:00  INFO 18204 --- [spring-demo] [main] o.a.c.c.C.[Tomcat].[localhost].[/]       : Initializing Spring embedded WebApplicationContext
2025-02-14T00:53:30.883+01:00  INFO 18204 --- [spring-demo] [main] w.s.c.ServletWebServerApplicationContext : Root WebApplicationContext: initialization completed in 1423 ms
2025-02-14T00:53:31.007+01:00  INFO 18204 --- [spring-demo] [main] o.hibernate.jpa.internal.util.LogHelper  : HHH000204: Processing PersistenceUnitInfo [name: default]
2025-02-14T00:53:31.068+01:00  INFO 18204 --- [spring-demo] [main] org.hibernate.Version                    : HHH000412: Hibernate ORM core version 6.6.4.Final
2025-02-14T00:53:31.119+01:00  INFO 18204 --- [spring-demo] [main] o.h.c.internal.RegionFactoryInitiator    : HHH000026: Second-level cache disabled
2025-02-14T00:53:31.394+01:00  INFO 18204 --- [spring-demo] [main] o.s.o.j.p.SpringPersistenceUnitInfo      : No LoadTimeWeaver setup: ignoring JPA class transformer
2025-02-14T00:53:31.430+01:00  INFO 18204 --- [spring-demo] [main] com.zaxxer.hikari.HikariDataSource       : HikariPool-1 - Starting...
2025-02-14T00:53:31.511+01:00  INFO 18204 --- [spring-demo] [main] com.zaxxer.hikari.pool.HikariPool        : HikariPool-1 - Added connection org.mariadb.jdbc.Connection@1c43df76
2025-02-14T00:53:31.513+01:00  INFO 18204 --- [spring-demo] [main] com.zaxxer.hikari.HikariDataSource       : HikariPool-1 - Start completed.
2025-02-14T00:53:31.561+01:00  INFO 18204 --- [spring-demo] [main] org.hibernate.orm.connections.pooling    : HHH10001005: Database info:
	Database JDBC URL [Connecting through datasource 'HikariDataSource (HikariPool-1)']
	Database driver: undefined/unknown
	Database version: 11.6.2
	Autocommit mode: undefined/unknown
	Isolation level: undefined/unknown
	Minimum pool size: undefined/unknown
	Maximum pool size: undefined/unknown
2025-02-14T00:53:32.463+01:00  INFO 18204 --- [spring-demo] [main] o.h.e.t.j.p.i.JtaPlatformInitiator       : HHH000489: No JTA platform available (set 'hibernate.transaction.jta.platform' to enable JTA platform integration)
2025-02-14T00:53:32.880+01:00  INFO 18204 --- [spring-demo] [main] j.LocalContainerEntityManagerFactoryBean : Initialized JPA EntityManagerFactory for persistence unit 'default'
2025-02-14T00:53:33.216+01:00  INFO 18204 --- [spring-demo] [main] o.s.d.j.r.query.QueryEnhancerFactory     : Hibernate is in classpath; If applicable, HQL parser will be used.
2025-02-14T00:53:33.702+01:00  INFO 18204 --- [spring-demo] [main] r$InitializeUserDetailsManagerConfigurer : Global AuthenticationManager configured with UserDetailsService bean with name userService
2025-02-14T00:53:33.896+01:00  WARN 18204 --- [spring-demo] [main] JpaBaseConfiguration$JpaWebConfiguration : spring.jpa.open-in-view is enabled by default. Therefore, database queries may be performed during view rendering. Explicitly configure spring.jpa.open-in-view to disable this warning
2025-02-14T00:53:34.745+01:00  INFO 18204 --- [spring-demo] [main] o.s.b.w.embedded.tomcat.TomcatWebServer  : Tomcat started on port 4000 (http) with context path '/'
2025-02-14T00:53:34.760+01:00  INFO 18204 --- [spring-demo] [main] com.spring_demo.SpringDemoApplication    : Started SpringDemoApplication in 5.768 seconds (process running for 6.29)
2025-02-14T00:53:34.765+01:00  INFO 18204 --- [spring-demo] [main] com.spring_demo.SpringDemoApplication    : Aplicación Spring Boot iniciada
2025-02-14T00:54:11.860+01:00  INFO 18204 --- [spring-demo] [http-nio-4000-exec-2] o.a.c.c.C.[Tomcat].[localhost].[/]       : Initializing Spring DispatcherServlet 'dispatcherServlet'
2025-02-14T00:54:11.861+01:00  INFO 18204 --- [spring-demo] [http-nio-4000-exec-2] o.s.web.servlet.DispatcherServlet        : Initializing Servlet 'dispatcherServlet'
2025-02-14T00:54:11.868+01:00  INFO 18204 --- [spring-demo] [http-nio-4000-exec-2] o.s.web.servlet.DispatcherServlet        : Completed initialization in 2 ms
2025-02-14T00:54:12.261+01:00  INFO 18204 --- [spring-demo] [http-nio-4000-exec-2] c.spring_demo.controller.UserController  : createUser endpoint llamado con datos: com.spring_demo.entities.User@3ddf0af4
2025-02-14T00:54:12.498+01:00  INFO 18204 --- [spring-demo] [http-nio-4000-exec-2] com.spring_demo.services.UserService     : Guardando usuario: nuevoUsuario
2025-02-14T00:55:26.845+01:00  INFO 18204 --- [spring-demo] [http-nio-4000-exec-4] c.spring_demo.controller.UserController  : createUser endpoint llamado con datos: com.spring_demo.entities.User@1b23c952
2025-02-14T00:55:27.036+01:00  INFO 18204 --- [spring-demo] [http-nio-4000-exec-4] com.spring_demo.services.UserService     : Guardando usuario: daeve
2025-02-14T00:56:19.071+01:00  INFO 18204 --- [spring-demo] [http-nio-4000-exec-6] c.s.security.jwt.SecurityEventListener   : Inicio de sesion exitoso para el usuario: daeve
2025-02-14T01:01:34.827+01:00  INFO 18204 --- [spring-demo] [RMI TCP Connection(16)-127.0.0.1] inMXBeanRegistrar$SpringApplicationAdmin : Application shutdown requested.
2025-02-14T01:01:34.832+01:00  INFO 18204 --- [spring-demo] [RMI TCP Connection(16)-127.0.0.1] o.s.b.w.e.tomcat.GracefulShutdown        : Commencing graceful shutdown. Waiting for active requests to complete
2025-02-14T01:01:34.849+01:00  INFO 18204 --- [spring-demo] [tomcat-shutdown] o.s.b.w.e.tomcat.GracefulShutdown        : Graceful shutdown complete
2025-02-14T01:01:34.862+01:00  INFO 18204 --- [spring-demo] [RMI TCP Connection(16)-127.0.0.1] j.LocalContainerEntityManagerFactoryBean : Closing JPA EntityManagerFactory for persistence unit 'default'
2025-02-14T01:01:35.025+01:00  INFO 18204 --- [spring-demo] [RMI TCP Connection(16)-127.0.0.1] com.zaxxer.hikari.HikariDataSource       : HikariPool-1 - Shutdown initiated...
2025-02-14T01:01:35.057+01:00  INFO 18204 --- [spring-demo] [RMI TCP Connection(16)-127.0.0.1] com.zaxxer.hikari.HikariDataSource       : HikariPool-1 - Shutdown completed.
